{
  "RSpec": {
    "coverage": {
      "/Users/andeladeveloper/Projects/Ruby/ride-my-way-lagos/app/models/user.rb": [
        null,
        null,
        null,
        1,
        1,
        null,
        null,
        1,
        null,
        1,
        null,
        null,
        null,
        1,
        1,
        null,
        1,
        1,
        null,
        1,
        null,
        1,
        0,
        null,
        null,
        1,
        0,
        null,
        null,
        1,
        1,
        12,
        null,
        null
      ],
      "/Users/andeladeveloper/Projects/Ruby/ride-my-way-lagos/app/models/application_record.rb": [
        1,
        1,
        null
      ],
      "/Users/andeladeveloper/Projects/Ruby/ride-my-way-lagos/app/helpers/application_helper.rb": [
        1,
        null
      ],
      "/Users/andeladeveloper/Projects/Ruby/ride-my-way-lagos/app/helpers/followers_helper.rb": [
        1,
        null
      ],
      "/Users/andeladeveloper/Projects/Ruby/ride-my-way-lagos/app/helpers/home_helper.rb": [
        1,
        null
      ],
      "/Users/andeladeveloper/Projects/Ruby/ride-my-way-lagos/app/helpers/rides_helper.rb": [
        1,
        null
      ],
      "/Users/andeladeveloper/Projects/Ruby/ride-my-way-lagos/app/models/ride.rb": [
        null,
        null,
        null,
        1,
        1,
        1,
        null,
        1,
        null,
        null,
        1,
        0,
        null,
        1,
        1,
        null,
        null,
        1,
        0,
        null,
        null,
        1,
        0,
        0,
        null,
        0,
        0,
        null,
        null,
        null,
        1,
        0,
        null,
        null,
        null,
        0,
        null,
        null,
        null,
        0,
        null,
        null,
        null,
        0,
        null,
        null,
        null,
        null
      ],
      "/Users/andeladeveloper/Projects/Ruby/ride-my-way-lagos/app/models/role.rb": [
        1,
        1,
        null,
        null,
        1,
        null,
        null,
        null,
        1,
        null,
        null,
        null,
        1,
        null,
        null
      ],
      "/Users/andeladeveloper/Projects/Ruby/ride-my-way-lagos/app/controllers/application_controller.rb": [
        1,
        1,
        1,
        null,
        1,
        0,
        null,
        null,
        1,
        null,
        1,
        8,
        null,
        8,
        4,
        null,
        null,
        null
      ],
      "/Users/andeladeveloper/Projects/Ruby/ride-my-way-lagos/app/controllers/home_controller.rb": [
        1,
        1,
        1,
        null,
        null,
        1,
        null,
        null,
        1,
        null,
        null,
        1,
        null,
        1,
        6,
        null,
        0,
        null,
        6,
        null,
        0,
        null,
        null,
        null
      ],
      "/Users/andeladeveloper/Projects/Ruby/ride-my-way-lagos/app/controllers/rides_controller.rb": [
        1,
        null,
        1,
        1,
        1,
        null,
        1,
        10,
        10,
        10,
        null,
        null,
        1,
        0,
        null,
        null,
        1,
        0,
        null,
        null,
        1,
        null,
        null,
        1,
        2,
        null,
        null,
        1,
        null,
        null,
        1,
        null,
        null,
        1,
        0,
        null,
        null,
        1,
        0,
        null,
        null,
        1,
        2,
        2,
        null,
        0,
        null,
        2,
        2,
        2,
        2,
        2,
        2,
        2,
        null,
        2,
        1,
        null,
        null,
        2,
        1,
        null,
        null,
        null,
        null,
        1,
        2,
        2,
        2,
        1,
        null,
        2,
        1,
        null,
        null,
        null,
        null,
        1,
        0,
        0,
        0,
        0,
        null,
        null,
        null,
        1,
        0,
        0,
        0,
        0,
        0,
        0,
        null,
        0,
        0,
        null,
        null,
        null,
        null,
        1,
        null,
        1,
        0,
        null,
        1,
        6,
        null,
        null,
        1,
        6,
        null,
        null,
        1,
        4,
        null,
        null,
        null,
        null,
        null,
        1,
        0,
        null,
        null
      ],
      "/Users/andeladeveloper/Projects/Ruby/ride-my-way-lagos/app/models/follower.rb": [
        null,
        null,
        null,
        null,
        1,
        1,
        1,
        null,
        1,
        0,
        null,
        null,
        1,
        0,
        null,
        null,
        1,
        6,
        null,
        null,
        null,
        null,
        1,
        0,
        null,
        1,
        null,
        null
      ],
      "/Users/andeladeveloper/Projects/Ruby/ride-my-way-lagos/app/mailers/application_mailer.rb": [
        0,
        0,
        0,
        0
      ],
      "/Users/andeladeveloper/Projects/Ruby/ride-my-way-lagos/app/models/ability.rb": [
        0,
        0,
        null,
        0,
        0,
        0,
        0,
        0,
        0,
        0,
        0,
        0,
        0,
        null,
        null,
        null,
        null,
        null,
        null,
        null,
        null,
        null,
        null,
        null,
        null,
        null,
        null,
        null,
        null,
        null,
        null,
        null,
        null,
        null,
        null,
        null,
        null,
        null,
        null,
        0,
        0
      ],
      "/Users/andeladeveloper/Projects/Ruby/ride-my-way-lagos/app/jobs/application_job.rb": [
        0,
        0
      ],
      "/Users/andeladeveloper/Projects/Ruby/ride-my-way-lagos/app/controllers/followers_controller.rb": [
        0,
        0,
        0,
        0,
        null,
        null,
        0,
        0,
        0,
        0,
        0,
        null,
        null,
        0,
        0,
        null,
        0,
        0,
        0,
        null,
        0,
        0,
        null,
        0,
        null,
        0,
        0,
        null,
        0,
        0,
        0,
        0,
        0,
        0,
        0,
        0,
        0,
        0,
        0,
        null,
        null,
        0,
        0,
        0,
        0,
        0,
        0,
        0,
        0,
        0,
        0,
        0,
        0,
        null,
        0,
        0,
        0,
        0,
        0,
        0,
        0,
        null,
        0,
        null,
        0,
        0,
        0,
        0,
        0,
        0,
        0,
        0,
        0,
        0,
        null,
        0,
        null,
        0,
        0,
        0,
        null,
        0,
        0,
        0,
        null,
        0,
        0,
        0,
        0,
        null,
        0,
        null,
        0,
        null,
        0,
        0,
        0,
        0,
        0,
        null,
        0,
        0,
        0,
        0,
        0
      ],
      "/Users/andeladeveloper/Projects/Ruby/ride-my-way-lagos/app/channels/application_cable/connection.rb": [
        0,
        0,
        0,
        0
      ],
      "/Users/andeladeveloper/Projects/Ruby/ride-my-way-lagos/app/channels/application_cable/channel.rb": [
        0,
        0,
        0,
        0
      ]
    },
    "timestamp": 1536404979
  }
}
